
Showing logs for build [32mcb-kubecd-bdd-ghfjxy-1568394158-8xvwd-1[0m stage [32mmeta-pipeline[0m and container [32mstep-credential-initializer-9dhvt[0m
{"level":"warn","ts":1568394506.3526084,"logger":"fallback-logger","caller":"logging/config.go:69","msg":"Fetch GitHub commit ID from kodata failed: \"ref: refs/heads/master\" is not a valid GitHub commit ID"}
{"level":"info","ts":1568394506.3531556,"logger":"fallback-logger","caller":"creds-init/main.go:40","msg":"Credentials initialized."}

Showing logs for build [32mcb-kubecd-bdd-ghfjxy-1568394158-8xvwd-1[0m stage [32mmeta-pipeline[0m and container [32mstep-working-dir-initializer-rjnzc[0m
{"level":"warn","ts":1568394507.7586832,"logger":"fallback-logger","caller":"logging/config.go:69","msg":"Fetch GitHub commit ID from kodata failed: open /var/run/ko/HEAD: no such file or directory"}
{"level":"info","ts":1568394507.7601779,"logger":"fallback-logger","caller":"bash/main.go:65","msg":"Successfully executed command \"mkdir -p /workspace/source\""}

Showing logs for build [32mcb-kubecd-bdd-ghfjxy-1568394158-8xvwd-1[0m stage [32mmeta-pipeline[0m and container [32mstep-place-tools[0m

Showing logs for build [32mcb-kubecd-bdd-ghfjxy-1568394158-8xvwd-1[0m stage [32mmeta-pipeline[0m and container [32mstep-git-source-meta-cb-kubecd-bdd-ghfjxy-15683-qj75n[0m
{"level":"warn","ts":1568394513.895734,"logger":"fallback-logger","caller":"logging/config.go:69","msg":"Fetch GitHub commit ID from kodata failed: \"ref: refs/heads/master\" is not a valid GitHub commit ID"}
{"level":"info","ts":1568394515.0304754,"logger":"fallback-logger","caller":"git/git.go:102","msg":"Successfully cloned https://github.com/cb-kubecd/bdd-ghf**y-1568394158.git @ ae685be2dc712836685425a7832c900437b1ef7b in path /workspace/source"}

Showing logs for build [32mcb-kubecd-bdd-ghfjxy-1568394158-8xvwd-1[0m stage [32mmeta-pipeline[0m and container [32mstep-git-merge[0m
Using SHAs from PULL_REFS=master:ae685be2dc712836685425a7832c900437b1ef7b,1:ddb587b4bf1097b64b7c27f59015315c4c5f1094
DEBUG: ran git fetch --unshallow origin ddb587b4bf1097b64b7c27f59015315c4c5f1094: ae685be2dc712836685425a7832c900437b1ef7b: in 
DEBUG: ran git checkout master in 
DEBUG: ran git reset --hard ae685be2dc712836685425a7832c900437b1ef7b in 
DEBUG: ran clean --force -d . in 
DEBUG: ran git merge ddb587b4bf1097b64b7c27f59015315c4c5f1094 in 
Merged SHA ddb587b4bf1097b64b7c27f59015315c4c5f1094 with commit message 'My first PR commit' into base branch master

Showing logs for build [32mcb-kubecd-bdd-ghfjxy-1568394158-8xvwd-1[0m stage [32mmeta-pipeline[0m and container [32mstep-merge-pull-refs[0m
DEBUG: ran git fetch origin ddb587b4bf1097b64b7c27f59015315c4c5f1094: ae685be2dc712836685425a7832c900437b1ef7b: in 
DEBUG: Unshallowed git repo in 
DEBUG: ran git checkout master in 
DEBUG: ran git reset --hard ae685be2dc712836685425a7832c900437b1ef7b in 
DEBUG: ran clean --force -d . in 
DEBUG: ran git merge ddb587b4bf1097b64b7c27f59015315c4c5f1094 in 
Merged SHA ddb587b4bf1097b64b7c27f59015315c4c5f1094 with commit message 'My first PR commit' into base branch master

Showing logs for build [32mcb-kubecd-bdd-ghfjxy-1568394158-8xvwd-1[0m stage [32mmeta-pipeline[0m and container [32mstep-create-effective-pipeline[0m
Deleting and cloning the Jenkins X versions repo
Cloning the Jenkins X versions repo https://github.com/jenkins-x/jenkins-x-versions.git with ref refs/heads/master to /builder/home/.**/jenkins-x-versions
performing pack detection in folder /workspace/source
selected pack: /builder/home/.**/draft/packs/github.com/jenkins-x-buildpacks/jenkins-x-kubernetes/packs/go
--> Draft detected YAML (67.752116%)
--> Could not find a pack for YAML. Trying to find the next likely language match...
--> Draft detected RPM Spec (14.854397%)
--> Could not find a pack for RPM Spec. Trying to find the next likely language match...
--> Draft detected Coq (6.799598%)
--> Could not find a pack for Coq. Trying to find the next likely language match...
--> Draft detected Smarty (3.701047%)
--> Could not find a pack for Smarty. Trying to find the next likely language match...
--> Draft detected Go (2.904892%)
Effective pipeline written to jenkins-x-serverless-jenkins-effective.yml

Showing logs for build [32mcb-kubecd-bdd-ghfjxy-1568394158-8xvwd-1[0m stage [32mmeta-pipeline[0m and container [32mstep-create-tekton-crds[0m
PipelineActivity for cb-kubecd-bdd-ghf**y-1568394158-PR-1-1
Applying changes 
upserted PipelineResource cb-kubecd-bdd-ghf**y-1568394158 for the git repository https://github.com/cb-kubecd/bdd-ghf**y-1568394158.git
upserted Task cb-kubecd-bdd-ghf**y-1568394158-8xvwd-run-make-1
upserted Task cb-kubecd-bdd-ghf**y-1568394158-8xvwd-everything-else-1
upserted Pipeline cb-kubecd-bdd-ghf**y-1568394158-8xvwd-1
created PipelineRun cb-kubecd-bdd-ghf**y-1568394158-8xvwd-1
created PipelineStructure cb-kubecd-bdd-ghf**y-1568394158-8xvwd-1

Showing logs for build [32mcb-kubecd-bdd-ghfjxy-1568394158-8xvwd-1[0m stage [32mrun-make[0m and container [32mstep-credential-initializer-n2t86[0m
{"level":"warn","ts":1568394546.717009,"logger":"fallback-logger","caller":"logging/config.go:69","msg":"Fetch GitHub commit ID from kodata failed: \"ref: refs/heads/master\" is not a valid GitHub commit ID"}
{"level":"info","ts":1568394546.7177815,"logger":"fallback-logger","caller":"creds-init/main.go:40","msg":"Credentials initialized."}

Showing logs for build [32mcb-kubecd-bdd-ghfjxy-1568394158-8xvwd-1[0m stage [32mrun-make[0m and container [32mstep-working-dir-initializer-qw4bp[0m
{"level":"warn","ts":1568394547.661868,"logger":"fallback-logger","caller":"logging/config.go:69","msg":"Fetch GitHub commit ID from kodata failed: open /var/run/ko/HEAD: no such file or directory"}
{"level":"info","ts":1568394547.663602,"logger":"fallback-logger","caller":"bash/main.go:65","msg":"Successfully executed command \"mkdir -p /workspace/source\""}

Showing logs for build [32mcb-kubecd-bdd-ghfjxy-1568394158-8xvwd-1[0m stage [32mrun-make[0m and container [32mstep-place-tools[0m

Showing logs for build [32mcb-kubecd-bdd-ghfjxy-1568394158-8xvwd-1[0m stage [32mrun-make[0m and container [32mstep-git-source-cb-kubecd-bdd-ghfjxy-1568394158-82dx7[0m
{"level":"warn","ts":1568394552.808435,"logger":"fallback-logger","caller":"logging/config.go:69","msg":"Fetch GitHub commit ID from kodata failed: \"ref: refs/heads/master\" is not a valid GitHub commit ID"}
{"level":"info","ts":1568394553.876081,"logger":"fallback-logger","caller":"git/git.go:102","msg":"Successfully cloned https://github.com/cb-kubecd/bdd-ghf**y-1568394158.git @ master in path /workspace/source"}

Showing logs for build [32mcb-kubecd-bdd-ghfjxy-1568394158-8xvwd-1[0m stage [32mrun-make[0m and container [32mstep-git-merge[0m
Using SHAs from PULL_REFS=master:ae685be2dc712836685425a7832c900437b1ef7b,1:ddb587b4bf1097b64b7c27f59015315c4c5f1094
DEBUG: ran git fetch --unshallow origin ddb587b4bf1097b64b7c27f59015315c4c5f1094: ae685be2dc712836685425a7832c900437b1ef7b: in 
DEBUG: ran git checkout master in 
DEBUG: ran git reset --hard ae685be2dc712836685425a7832c900437b1ef7b in 
DEBUG: ran clean --force -d . in 
DEBUG: ran git merge ddb587b4bf1097b64b7c27f59015315c4c5f1094 in 
Merged SHA ddb587b4bf1097b64b7c27f59015315c4c5f1094 with commit message 'My first PR commit' into base branch master

Showing logs for build [32mcb-kubecd-bdd-ghfjxy-1568394158-8xvwd-1[0m stage [32mrun-make[0m and container [32mstep-build-make-linux[0m
CGO_ENABLED=0 GOOS=linux GOARCH=amd64 GO15VENDOREXPERIMENT=1 go build -ldflags '' -o bin/bdd-ghf**y-1568394158 main.go

Showing logs for build [32mcb-kubecd-bdd-ghfjxy-1568394158-8xvwd-1[0m stage [32mrun-make[0m and container [32mstep-source-mkdir-cb-kubecd-bdd-ghfjxy-1568394158-vlz7r[0m
{"level":"warn","ts":1568394561.998044,"logger":"fallback-logger","caller":"logging/config.go:69","msg":"Fetch GitHub commit ID from kodata failed: open /var/run/ko/HEAD: no such file or directory"}
{"level":"info","ts":1568394562.012633,"logger":"fallback-logger","caller":"bash/main.go:65","msg":"Successfully executed command \"mkdir -p /pvc/run-make/workspace\""}

Showing logs for build [32mcb-kubecd-bdd-ghfjxy-1568394158-8xvwd-1[0m stage [32mrun-make[0m and container [32mstep-source-copy-cb-kubecd-bdd-ghfjxy-1568394158-jf49h[0m
{"level":"warn","ts":1568394562.3371377,"logger":"fallback-logger","caller":"logging/config.go:69","msg":"Fetch GitHub commit ID from kodata failed: open /var/run/ko/HEAD: no such file or directory"}
{"level":"info","ts":1568394562.3542962,"logger":"fallback-logger","caller":"bash/main.go:65","msg":"Successfully executed command \"cp -r /workspace/source/. /pvc/run-make/workspace\""}

Showing logs for build [32mcb-kubecd-bdd-ghfjxy-1568394158-8xvwd-1[0m stage [32meverything-else[0m and container [32mstep-credential-initializer-dfskp[0m
{"level":"warn","ts":1568394569.8566356,"logger":"fallback-logger","caller":"logging/config.go:69","msg":"Fetch GitHub commit ID from kodata failed: \"ref: refs/heads/master\" is not a valid GitHub commit ID"}
{"level":"info","ts":1568394569.8593466,"logger":"fallback-logger","caller":"creds-init/main.go:40","msg":"Credentials initialized."}

Showing logs for build [32mcb-kubecd-bdd-ghfjxy-1568394158-8xvwd-1[0m stage [32meverything-else[0m and container [32mstep-working-dir-initializer-dlhwt[0m
{"level":"warn","ts":1568394571.2685223,"logger":"fallback-logger","caller":"logging/config.go:69","msg":"Fetch GitHub commit ID from kodata failed: open /var/run/ko/HEAD: no such file or directory"}
{"level":"info","ts":1568394571.2700877,"logger":"fallback-logger","caller":"bash/main.go:65","msg":"Successfully executed command \"mkdir -p /workspace/source /workspace/source/charts/preview\""}

Showing logs for build [32mcb-kubecd-bdd-ghfjxy-1568394158-8xvwd-1[0m stage [32meverything-else[0m and container [32mstep-place-tools[0m

Showing logs for build [32mcb-kubecd-bdd-ghfjxy-1568394158-8xvwd-1[0m stage [32meverything-else[0m and container [32mstep-create-dir-workspace-sq89l[0m
{"level":"warn","ts":1568394576.3511176,"logger":"fallback-logger","caller":"logging/config.go:69","msg":"Fetch GitHub commit ID from kodata failed: open /var/run/ko/HEAD: no such file or directory"}
{"level":"info","ts":1568394576.353775,"logger":"fallback-logger","caller":"bash/main.go:65","msg":"Successfully executed command \"mkdir -p /workspace/source\""}

Showing logs for build [32mcb-kubecd-bdd-ghfjxy-1568394158-8xvwd-1[0m stage [32meverything-else[0m and container [32mstep-source-copy-workspace-rlc9s[0m
{"level":"warn","ts":1568394576.6438174,"logger":"fallback-logger","caller":"logging/config.go:69","msg":"Fetch GitHub commit ID from kodata failed: open /var/run/ko/HEAD: no such file or directory"}
{"level":"info","ts":1568394576.8143022,"logger":"fallback-logger","caller":"bash/main.go:65","msg":"Successfully executed command \"cp -r /pvc/run-make/workspace/. /workspace/source\""}

Showing logs for build [32mcb-kubecd-bdd-ghfjxy-1568394158-8xvwd-1[0m stage [32meverything-else[0m and container [32mstep-build-container-build[0m
[36mINFO[0m[0000] No base image, nothing to extract            
[36mINFO[0m[0000] cmd: EXPOSE                                  
[36mINFO[0m[0000] Adding exposed port: 8080/tcp                
[36mINFO[0m[0000] Using files from context: [/workspace/source/bin] 
[36mINFO[0m[0000] Skipping unpacking as no commands require it. 
[36mINFO[0m[0000] Taking snapshot of full filesystem...        
[36mINFO[0m[0000] EXPOSE 8080                                  
[36mINFO[0m[0000] cmd: EXPOSE                                  
[36mINFO[0m[0000] Adding exposed port: 8080/tcp                
[36mINFO[0m[0000] No files changed in this command, skipping snapshotting. 
[36mINFO[0m[0000] ENTRYPOINT ["/bdd-ghf**y-1568394158"]        
[36mINFO[0m[0000] No files changed in this command, skipping snapshotting. 
[36mINFO[0m[0000] Using files from context: [/workspace/source/bin] 
[36mINFO[0m[0000] COPY ./bin/ /                                
[36mINFO[0m[0000] Taking snapshot of files...                  
2019/09/13 17:09:41 pushed blob: sha256:3f2222710a0c324659f20fac150eb2707069a88587634a62f08581c01965ae92
2019/09/13 17:09:42 pushed blob: sha256:63c66d1f9b5d6f5930c7ed49d24ffe3e188fba749f25cb98ee6a843bab62b102
2019/09/13 17:09:44 gcr.io/jenkins-x-bdd3/bdd-ghf**y-1568394158:0.0.0-SNAPSHOT-PR-1-1: digest: sha256:b716d2af23fea50960c4f3b8a5d0e7293f184435a1d46ad881c5aca27a2a2877 size: 428

Showing logs for build [32mcb-kubecd-bdd-ghfjxy-1568394158-8xvwd-1[0m stage [32meverything-else[0m and container [32mstep-postbuild-post-build[0m
no CVE provider running in the current ** namespace so skip adding image to be analysed

Showing logs for build [32mcb-kubecd-bdd-ghfjxy-1568394158-8xvwd-1[0m stage [32meverything-else[0m and container [32mstep-promote-make-preview[0m
sed -i -e "s/version:.*/version: 0.0.0-SNAPSHOT-PR-1-1/" Chart.yaml
sed -i -e "s/version:.*/version: 0.0.0-SNAPSHOT-PR-1-1/" ../*/Chart.yaml
sed -i -e "s|repository:.*|repository: gcr.io\/jenkins-x-bdd3\/bdd-ghf**y-1568394158|" values.yaml
sed -i -e "s/tag:.*/tag: 0.0.0-SNAPSHOT-PR-1-1/" values.yaml
echo "  version: 0.0.0-SNAPSHOT-PR-1-1" >> requirements.yaml
** step helm build
WARNING: No $CHART_REPOSITORY defined so using the default value of: http://jenkins-x-chartmuseum:8080
Adding missing Helm repo: storage.googleapis.com https://storage.googleapis.com/chartmuseum.jenkins-x.io
Successfully added Helm repository storage.googleapis.com.
Adding missing Helm repo: jenkins-x-chartmuseum http://jenkins-x-chartmuseum:8080
Successfully added Helm repository jenkins-x-chartmuseum.
WARNING: No $CHART_REPOSITORY defined so using the default value of: http://jenkins-x-chartmuseum:8080
Adding missing Helm repo: chartmuseum.jenkins-x.io http://chartmuseum.jenkins-x.io
Successfully added Helm repository chartmuseum.jenkins-x.io.

Showing logs for build [32mcb-kubecd-bdd-ghfjxy-1568394158-8xvwd-1[0m stage [32meverything-else[0m and container [32mstep-promote-jx-preview[0m
Creating a preview
WARNING: No author for commit: ddb587b4bf1097b64b7c27f59015315c4c5f1094
Created environment cb-kubecd-bdd-ghf**y-1568394158-pr-1
Namespace **-cb-kubecd-bdd-ghf**y-1568394158-pr-1 created 
expose:
  Annotations:
    helm.sh/hook: post-install,post-upgrade
    helm.sh/hook-delete-policy: hook-succeeded
  config:
    domain: 23.251.134.162.nip.io
    exposer: Ingress
    http: "true"
preview:
  image:
    repository: gcr.io/jenkins-x-bdd3/bdd-ghf**y-1568394158
    tag: 0.0.0-SNAPSHOT-PR-1-1
Deleting and cloning the Jenkins X versions repo
Cloning the Jenkins X versions repo https://github.com/jenkins-x/jenkins-x-versions.git with ref refs/heads/master to /builder/home/.**/jenkins-x-versions


Updating PipelineActivities cb-kubecd-bdd-ghf**y-1568394158-pr-1-1 which has status Running
Preview application is now available at: http://bdd-ghf**y-1568394158.**-cb-kubecd-bdd-ghf**y-1568394158-pr-1.23.251.134.162.nip.io
